<?xml version="1.0" encoding="UTF-8"?>
<!-- Generated by org.testng.reporters.JUnitXMLReporter -->
<testsuite hostname="INCHCMLP03299" ignored="0" name="Default test" tests="3" failures="0" timestamp="2020-08-21T16:31:56 IST" time="94.921" errors="0">
  <testcase name="tc_002" time="2.829" classname="org.web.automation.testcases.TC_002_DataProvider"/>
  <testcase name="tc_002" time="0.753" classname="org.web.automation.testcases.TC_002_DataProvider"/>
  <testcase name="tc_002" time="1.134" classname="org.web.automation.testcases.TC_002_DataProvider"/>
</testsuite> <!-- Default test -->
