<?xml version="1.0" encoding="UTF-8"?>
<testng-results skipped="0" failed="0" ignored="0" total="3" passed="3">
  <reporter-output>
  </reporter-output>
  <suite name="Default suite" duration-ms="94921" started-at="2020-08-21T16:30:21 IST" finished-at="2020-08-21T16:31:56 IST">
    <groups>
    </groups>
    <test name="Default test" duration-ms="94921" started-at="2020-08-21T16:30:21 IST" finished-at="2020-08-21T16:31:56 IST">
      <class name="org.web.automation.testcases.TC_002_DataProvider">
        <test-method status="PASS" signature="startBrowser()[pri:0, instance:org.web.automation.testcases.TC_002_DataProvider@17579e0f]" name="startBrowser" is-config="true" duration-ms="45318" started-at="2020-08-21T16:30:23 IST" finished-at="2020-08-21T16:31:08 IST">
          <reporter-output>
          </reporter-output>
        </test-method> <!-- startBrowser -->
        <test-method status="PASS" signature="tc_002(java.lang.String, java.lang.String)[pri:0, instance:org.web.automation.testcases.TC_002_DataProvider@17579e0f]" name="tc_002" duration-ms="2829" started-at="2020-08-21T16:31:08 IST" data-provider="Excel" finished-at="2020-08-21T16:31:11 IST">
          <params>
            <param index="0">
              <value>
                <![CDATA[xxxx]]>
              </value>
            </param>
            <param index="1">
              <value>
                <![CDATA[pass1]]>
              </value>
            </param>
          </params>
          <reporter-output>
          </reporter-output>
        </test-method> <!-- tc_002 -->
        <test-method status="PASS" signature="closeBrowser()[pri:0, instance:org.web.automation.testcases.TC_002_DataProvider@17579e0f]" name="closeBrowser" is-config="true" duration-ms="2391" started-at="2020-08-21T16:31:11 IST" finished-at="2020-08-21T16:31:13 IST">
          <reporter-output>
          </reporter-output>
        </test-method> <!-- closeBrowser -->
        <test-method status="PASS" signature="startBrowser()[pri:0, instance:org.web.automation.testcases.TC_002_DataProvider@17579e0f]" name="startBrowser" is-config="true" duration-ms="13502" started-at="2020-08-21T16:31:13 IST" finished-at="2020-08-21T16:31:27 IST">
          <reporter-output>
          </reporter-output>
        </test-method> <!-- startBrowser -->
        <test-method status="PASS" signature="tc_002(java.lang.String, java.lang.String)[pri:0, instance:org.web.automation.testcases.TC_002_DataProvider@17579e0f]" name="tc_002" duration-ms="753" started-at="2020-08-21T16:31:27 IST" data-provider="Excel" finished-at="2020-08-21T16:31:28 IST">
          <params>
            <param index="0">
              <value>
                <![CDATA[yyyy]]>
              </value>
            </param>
            <param index="1">
              <value>
                <![CDATA[pass2]]>
              </value>
            </param>
          </params>
          <reporter-output>
          </reporter-output>
        </test-method> <!-- tc_002 -->
        <test-method status="PASS" signature="closeBrowser()[pri:0, instance:org.web.automation.testcases.TC_002_DataProvider@17579e0f]" name="closeBrowser" is-config="true" duration-ms="2083" started-at="2020-08-21T16:31:28 IST" finished-at="2020-08-21T16:31:30 IST">
          <reporter-output>
          </reporter-output>
        </test-method> <!-- closeBrowser -->
        <test-method status="PASS" signature="startBrowser()[pri:0, instance:org.web.automation.testcases.TC_002_DataProvider@17579e0f]" name="startBrowser" is-config="true" duration-ms="13826" started-at="2020-08-21T16:31:30 IST" finished-at="2020-08-21T16:31:44 IST">
          <reporter-output>
          </reporter-output>
        </test-method> <!-- startBrowser -->
        <test-method status="PASS" signature="tc_002(java.lang.String, java.lang.String)[pri:0, instance:org.web.automation.testcases.TC_002_DataProvider@17579e0f]" name="tc_002" duration-ms="1134" started-at="2020-08-21T16:31:44 IST" data-provider="Excel" finished-at="2020-08-21T16:31:45 IST">
          <params>
            <param index="0">
              <value>
                <![CDATA[zzzz]]>
              </value>
            </param>
            <param index="1">
              <value>
                <![CDATA[pass3]]>
              </value>
            </param>
          </params>
          <reporter-output>
          </reporter-output>
        </test-method> <!-- tc_002 -->
        <test-method status="PASS" signature="closeBrowser()[pri:0, instance:org.web.automation.testcases.TC_002_DataProvider@17579e0f]" name="closeBrowser" is-config="true" duration-ms="10929" started-at="2020-08-21T16:31:45 IST" finished-at="2020-08-21T16:31:56 IST">
          <reporter-output>
          </reporter-output>
        </test-method> <!-- closeBrowser -->
      </class> <!-- org.web.automation.testcases.TC_002_DataProvider -->
    </test> <!-- Default test -->
  </suite> <!-- Default suite -->
</testng-results>
